
Processing get_correlation_functions.cxx++...


TWO POINT CORRELATION: ../tsrc0/nuc3pt.dat.608

0	3.09736e+11	1.91428e+10	3.27835e+11	9.82516e+08
1	6.48348e+11	3.43633e+11	-7.79885e+10	-9.63868e+10
2	4.35232e+11	2.52633e+11	-1.98115e+10	-6.71906e+09
3	8.92594e+10	4.95422e+10	-8.81106e+09	-7.98426e+09
4	4.75588e+10	2.54386e+10	-5.1304e+09	-6.37327e+09
5	2.0689e+10	-1.62949e+09	-2.15525e+09	-8.9934e+08
6	1.30787e+10	-2.79578e+09	-3.71007e+08	-1.58838e+09
7	9.65894e+09	4.13534e+09	1.04974e+08	-2.49657e+09
8	4.36787e+09	2.45674e+09	-2.14164e+08	-3.42949e+08
9	1.57178e+09	5.44448e+08	3.05244e+08	1.07564e+08
10	4.49165e+07	2.00962e+08	-3.9166e+07	-3.24184e+08
11	-8.7361e+07	6.48621e+07	5.49e+07	-7.13751e+07
12	7.11244e+07	-4.34211e+08	-9.34831e+07	-7.38014e+07
13	-4.53819e+07	-7.1972e+07	7.0139e+07	-1.57602e+08
14	5.77547e+07	-1.77201e+08	-1.24946e+08	-4.18977e+07
15	6.28374e+07	-1.21265e+08	-1.76644e+07	-2.18128e+07
16	9.74843e+07	-1.29606e+08	3.52572e+07	-4.0837e+07
17	7.5369e+07	-4.46685e+07	3.91213e+06	-3.47315e+07
18	2.4575e+07	-3.78525e+07	2.36077e+07	-3.25852e+07
19	1.98792e+07	5.97857e+06	1.09725e+07	-2.69186e+07
20	-1.27635e+07	1.11422e+07	-2.21472e+07	1.32798e+06
21	-9.25171e+06	-8.42675e+06	-2.39414e+06	-3.06202e+06
22	-8.87388e+06	879737	-4.03555e+06	-1.44388e+07
23	5.79009e+06	1.96296e+07	2.60099e+06	-5.15649e+06
24	5.88913e+06	-2.88458e+06	-6.03762e+06	-3.11007e+06
25	-2.75193e+06	-5.30828e+06	-872895	-5.70691e+06
26	-1.89367e+06	-4.24896e+06	3.33822e+06	-8.59636e+06
27	-3.26205e+06	-5.58572e+06	2.02709e+06	-3.20334e+06
28	-454781	36799.9	1.16447e+06	-4.44297e+06
29	2.02944e+06	-1.75868e+06	707367	-300510
30	2.72731e+06	-106623	287497	205813
31	3.05912e+06	-942764	2.01485e+06	-744589
32	4.57422e+06	-1.75659e+06	-229680	-584209
33	1.28063e+06	-472807	2.16154e+06	-51211.9
34	2.07526e+06	1.16004e+06	1.54928e+06	-1.41694e+06
35	-153139	656139	3.75274e+06	1.4803e+06
36	-366943	211952	467477	2.8155e+06
37	-510807	1.40309e+06	-989192	1.29684e+06
38	-1.5217e+06	1.00238e+06	-2.35798e+06	2.32875e+06
39	67642.1	-360366	2.69362e+06	3.57548e+06
40	-1.22674e+06	1.15107e+06	2.83016e+06	8.98024e+06
41	-1.6157e+06	2.62879e+06	-2.29012e+06	1.21352e+07
42	-3.09558e+06	-4.86316e+06	-9.7525e+06	1.92483e+07
43	8.65519e+06	2.57298e+06	-873730	1.61461e+07
44	1.35269e+07	-3.4617e+06	-2.69732e+07	537352
45	-1.04473e+06	2.71518e+06	-4.70491e+07	-4.82596e+06
46	2.3188e+07	-4.55087e+06	-6.87647e+07	1.84582e+07
47	1.67243e+07	-1.67917e+07	-4.73989e+07	-1.09674e+07
48	8.38527e+06	5.12151e+07	-6.72601e+06	3.66123e+07
49	8.0553e+06	8.78266e+07	-1.72261e+07	-7.95643e+07
50	1.46329e+08	1.77026e+07	-6.68761e+07	-1.01023e+08
51	2.23998e+08	5.23246e+07	8.73723e+07	-2.28628e+08
52	1.1506e+08	8.4574e+07	7.88785e+07	9.22305e+07
53	1.91384e+08	-1.00409e+08	3.84407e+08	1.48396e+08
54	3.59348e+08	-1.93928e+07	-4.36582e+07	-1.81305e+07
55	-2.69132e+07	-2.46449e+08	-3.34841e+08	-3.07337e+08
56	-2.67021e+08	-1.92583e+08	-7.52836e+08	-1.23038e+09
57	-7.68841e+08	-1.1896e+09	-4.08511e+09	-1.35373e+09
58	-3.43475e+08	-6.56984e+08	-2.53332e+09	-2.81891e+09
59	-1.16672e+09	-8.98639e+08	-4.97447e+09	-8.24556e+09
60	4.35151e+09	-2.78854e+08	-1.89527e+10	-8.43208e+09
61	5.36933e+09	-3.55962e+09	-4.61304e+10	-2.65232e+10
62	1.29789e+09	-9.56345e+09	-9.58298e+10	-4.81816e+09
63	6.02853e+10	-1.2157e+10	-5.12523e+11	4.88833e+10


THREE POINT CORRELATION: ../tsrc0/nuc3pt.dat.608

0	6.51971e+10	-2.49085e+09	7.03732e+10	3.02339e+10
1	7.03944e+10	1.46682e+09	7.06314e+10	2.92319e+10
2	5.68184e+10	5.67964e+08	5.72156e+10	2.60321e+10
3	4.6349e+10	1.25976e+08	4.82518e+10	2.69899e+10
4	3.86085e+10	4.99597e+09	4.57177e+10	2.52736e+10
5	3.1882e+10	3.27107e+09	3.86154e+10	1.77244e+10
6	3.44149e+10	-3.23069e+09	3.42228e+10	1.20226e+10
7	3.65076e+10	-9.99025e+09	3.45549e+10	4.68957e+09
8	3.27984e+10	-1.22809e+10	2.75618e+10	-1.02265e+09
9	2.56008e+12	-1.2181e+12	1.92124e+12	-3.39725e+11
10	1.41094e+10	-9.66423e+09	7.82355e+09	-3.18715e+09
11	1.5357e+10	-5.40958e+09	4.01906e+09	-8.80593e+08
12	1.67832e+10	-2.33966e+09	3.19466e+09	8.1246e+08
13	1.55309e+10	1.51844e+09	3.38624e+09	9.28518e+08
14	1.19796e+10	4.22916e+09	3.06387e+09	1.35369e+09
15	8.27359e+09	4.79784e+09	2.68282e+09	1.92035e+09
16	4.34207e+09	4.08748e+09	2.41577e+09	1.59358e+09
17	1.10974e+09	2.99098e+09	2.12121e+09	9.75496e+08
18	-3.03218e+08	2.12976e+09	1.99587e+09	6.74081e+08
19	-9.37278e+08	1.06397e+09	1.64696e+09	1.27738e+08
20	-1.27101e+09	1.41035e+08	1.17854e+09	-3.62853e+08
21	-1.51139e+09	-9.14122e+08	7.32224e+08	-4.41024e+08
22	-1.4696e+09	-1.35552e+09	3.15135e+08	-3.66163e+08
23	-1.13447e+09	-9.24683e+08	-1.17872e+08	-2.87366e+08
24	-7.51111e+08	-1.56354e+08	-2.89781e+08	-1.51142e+08
25	-2.78744e+07	5.68906e+08	-2.79062e+08	1.69815e+08
26	4.23991e+08	1.02614e+09	-2.07573e+08	3.13538e+08
27	3.97804e+08	9.5726e+08	-2.45016e+08	2.69344e+08
28	3.77036e+08	6.99914e+08	-2.80442e+08	2.03356e+08
29	4.69204e+08	5.32256e+08	-2.18062e+08	1.80214e+08
30	5.47562e+08	3.07918e+08	-1.51367e+08	1.29961e+08
31	4.4236e+08	3.83982e+07	-9.84674e+07	3.50186e+07
32	2.60157e+08	-2.50451e+08	-5.90173e+07	-3.22369e+07
33	1.60192e+08	-4.81056e+08	-6.25711e+07	-1.30816e+08
34	5.89861e+07	-5.772e+08	-4.45369e+07	-2.08677e+08
35	-8.53722e+07	-6.47693e+08	-2.92201e+06	-2.99598e+08
36	-9.96569e+07	-6.85121e+08	3.43276e+07	-3.31351e+08
37	-5.51611e+07	-6.67439e+08	4.03062e+07	-3.30717e+08
38	-7.78352e+07	-7.01434e+08	5.11413e+06	-3.64561e+08
39	-1.31732e+08	-6.99056e+08	-6.12401e+07	-3.93841e+08
40	-1.43849e+08	-5.21758e+08	-8.1017e+07	-3.97681e+08
41	-1.16783e+08	-3.66725e+08	-2.96437e+07	-3.45647e+08
42	-8.78139e+07	-3.43015e+08	5.85565e+07	-2.75689e+08
43	-7.38417e+07	-4.20709e+08	1.51335e+08	-1.88303e+08
44	-2.09053e+08	-4.52307e+08	2.0373e+08	-1.75604e+08
45	-5.53681e+08	-3.25806e+08	1.81226e+08	-1.45788e+08
46	-1.04652e+09	-2.8671e+08	-1.11601e+07	-2.74979e+08
47	-1.42436e+09	-4.16775e+08	-3.72388e+08	-6.38481e+08
48	-1.81737e+09	-6.2063e+08	-7.34314e+08	-1.13558e+09
49	-2.18394e+09	-6.63717e+08	-1.06409e+09	-1.86613e+09
50	-2.1935e+09	-8.84145e+08	-1.17561e+09	-2.64964e+09
51	-2.13882e+09	-1.35751e+09	-1.00926e+09	-3.16351e+09
52	-1.85088e+09	-1.26863e+09	-6.91594e+08	-3.1105e+09
53	-1.63961e+09	-1.01388e+09	-1.97632e+08	-3.0314e+09
54	-1.2728e+09	-1.04414e+09	3.6698e+08	-2.96636e+09
55	-3.08535e+07	-1.15832e+09	1.7246e+09	-2.56186e+09
56	2.40204e+09	-1.17899e+09	4.22223e+09	-1.64047e+09
57	4.41308e+09	-1.0984e+09	6.6821e+09	-9.01649e+08
58	5.88176e+09	-2.64363e+09	9.29126e+09	-1.35047e+09
59	6.293e+09	-4.86451e+09	1.15965e+10	-1.38079e+09
60	7.33852e+09	-4.93658e+09	1.36095e+10	8.21043e+08
61	9.2861e+09	-3.79074e+09	1.67852e+10	4.47624e+09
62	1.47186e+10	-3.05607e+09	2.60661e+10	1.07341e+10
63	3.23983e+10	-4.39443e+09	4.43173e+10	2.16657e+10


TWO POINT CORRELATION: ../tsrc0/nuc3pt.dat.616

0	1.09529e+11	-1.34865e+10	1.05096e+11	1.65295e+10
1	2.68686e+11	-9.85266e+09	-5.68274e+10	3.37819e+09
2	1.62126e+11	1.52171e+10	-2.31743e+10	-3.56223e+09
3	6.60326e+10	4.93518e+09	-7.57391e+09	-3.5123e+09
4	3.14225e+10	2.06338e+09	-5.24655e+09	-2.77537e+09
5	1.54368e+10	3.23558e+09	-1.75128e+09	-1.72559e+09
6	5.39645e+09	6.46104e+08	-1.95147e+08	-5.90422e+08
7	4.29425e+09	1.41568e+09	7.77268e+08	-3.76669e+08
8	1.09469e+09	6.27661e+08	8.23052e+08	-4.74902e+08
9	4.58976e+08	5.67351e+07	3.41451e+08	-1.27175e+08
10	4.33645e+08	-1.38446e+06	5.65691e+07	1.69825e+07
11	-1.63889e+07	1.63981e+07	-5.5897e+07	-5.85324e+07
12	9.23436e+07	1.78075e+08	-7.97319e+07	-1.73048e+07
13	1.2218e+08	1.36415e+08	-3.85949e+07	3.39818e+07
14	-2.72277e+07	4.13207e+07	-4.17494e+07	-2.86102e+07
15	-2.29013e+07	1.06947e+07	2.13895e+07	-7.6812e+06
16	-6.35278e+07	1.57e+07	1.94905e+07	-2.15786e+07
17	2.15682e+06	5.79725e+07	7.81615e+06	9.68666e+06
18	-1.45408e+07	2.44587e+06	2.06831e+07	2.60208e+07
19	1.62128e+07	1.83764e+07	1.56819e+07	1.62815e+07
20	-4.23572e+06	-1.7103e+06	9.69892e+06	5.65512e+06
21	-8.56435e+06	5.02671e+06	2.4981e+06	5.3904e+06
22	4.52547e+06	3.6333e+06	-4.26275e+06	8.99421e+06
23	-998372	-249863	255217	-6.05563e+06
24	2.86829e+06	-2.25678e+06	-85412.8	-1.5357e+06
25	2.23577e+06	186155	-67042.3	-1.06755e+06
26	1.26737e+06	-140251	-176317	-1.97737e+06
27	-775962	281283	-110197	-635224
28	-332884	-1.1511e+06	430534	-1.20166e+06
29	-641953	-169949	-417494	-1.78137e+06
30	-471976	-629184	-2.04869e+06	-1.52256e+06
31	12194.9	188294	-402026	-1.3052e+06
32	899551	-649751	-913741	-1.33835e+06
33	687107	-219294	419896	-7387.73
34	-162734	-258867	-586139	-578733
35	707503	-59673.3	347360	1.44728e+06
36	1.71813e+06	178758	841313	1.02805e+06
37	603400	507791	611898	520295
38	424203	-230193	1.97138e+06	1.11556e+06
39	187843	-985656	2.85009e+06	1.09993e+06
40	-46334.3	-2.87127e+06	-1.14971e+06	5.14452e+06
41	-2.31812e+06	929001	227225	2.6502e+06
42	-7.05316e+06	2.9348e+06	2.30716e+06	1.16666e+07
43	-7.07374e+06	8.85251e+06	2.60461e+06	1.3157e+07
44	-9.31817e+06	1.35316e+07	-1.44279e+07	895500
45	-1.04114e+07	-6.45152e+06	-9.00664e+06	-1.12045e+07
46	548213	-3.90325e+06	-8.74025e+06	-2.32938e+07
47	-2.37753e+07	1.68228e+07	-1.98346e+07	1.57787e+07
48	-2.82727e+07	2.51367e+07	-2.10689e+07	3.18013e+06
49	-3.06827e+07	2.25531e+07	-2.94432e+07	776057
50	6.55493e+06	3.64516e+06	-3.58474e+07	-2.57279e+07
51	6.2032e+07	-1.6791e+07	-5.5613e+07	3.40414e+07
52	1.06816e+08	5.8432e+07	-3.22765e+07	1.66336e+07
53	2.46894e+07	2.15619e+07	2.01442e+08	-4.00557e+07
54	-2.05983e+08	1.00458e+08	-1.20648e+08	-5.00064e+07
55	-5.2018e+07	-5.55715e+07	-4.16724e+08	1.27095e+08
56	154570	6.30332e+07	-2.49023e+08	3.93678e+08
57	-3.41706e+08	-1.06888e+08	-5.72139e+08	-4.03167e+07
58	5.3421e+08	-5.46633e+08	-1.54377e+09	6.31908e+08
59	-4.03626e+08	2.01654e+08	-4.83911e+08	-2.66486e+09
60	-7.78692e+08	4.47309e+08	-1.442e+09	-2.92134e+09
61	2.24409e+08	2.29844e+09	-1.56174e+10	-1.10721e+10
62	1.02074e+10	1.01862e+10	-7.38196e+10	-3.63284e+10
63	5.38183e+10	2.51711e+10	-2.20027e+11	-8.35456e+10


THREE POINT CORRELATION: ../tsrc0/nuc3pt.dat.616

0	1.185e+10	6.46049e+08	-8.62967e+08	9.5151e+09
1	1.07395e+10	4.10163e+09	-1.41756e+09	1.20332e+10
2	6.11513e+09	8.47987e+09	-2.4787e+09	1.39478e+10
3	3.24622e+09	1.19514e+10	-1.69362e+09	1.21202e+10
4	2.17622e+09	1.27702e+10	-7.74994e+08	1.05204e+10
5	7.52598e+08	1.17612e+10	-3.89732e+09	8.76718e+09
6	1.93691e+09	1.07394e+10	-5.66138e+09	5.58813e+09
7	3.90703e+09	1.47204e+10	-4.40785e+09	3.84306e+09
8	4.37338e+09	1.65261e+10	-2.00079e+09	1.96142e+09
9	8.15426e+10	1.76226e+12	-4.89845e+10	2.72949e+11
10	3.64444e+09	1.85387e+10	2.08013e+09	4.14352e+09
11	3.711e+09	1.7873e+10	1.89988e+09	5.59263e+09
12	1.45194e+09	1.46329e+10	6.58575e+08	5.29719e+09
13	-5.56762e+08	1.1409e+10	-5.86103e+08	4.91467e+09
14	-9.82847e+08	8.23319e+09	-2.20833e+08	4.78202e+09
15	-5.6213e+08	5.67572e+09	4.76931e+08	4.54409e+09
16	-2.01711e+08	4.49793e+09	8.91915e+08	4.01565e+09
17	3.84957e+07	4.56549e+09	1.29835e+09	3.2781e+09
18	-2.07517e+08	4.93402e+09	1.04187e+09	2.5191e+09
19	-4.90016e+08	4.41958e+09	7.28531e+08	1.55957e+09
20	-7.80431e+08	3.43631e+09	4.44052e+08	6.69006e+08
21	-8.40736e+08	2.31244e+09	2.92387e+08	6.64178e+07
22	-7.07598e+08	1.54808e+09	1.93506e+08	-1.39872e+08
23	-4.85059e+08	1.04745e+09	7.92343e+07	-1.2518e+08
24	-1.2539e+08	4.91063e+08	7.4279e+07	-2.188e+07
25	1.91703e+08	-4.70244e+07	1.195e+08	1.35329e+07
26	3.97418e+08	-5.84085e+07	1.6619e+08	9.65822e+07
27	4.36239e+08	2.10879e+07	1.78999e+08	1.72018e+08
28	5.50037e+08	-2.56538e+07	2.27766e+08	1.66007e+08
29	6.74049e+08	-4.43733e+07	2.69524e+08	1.69652e+08
30	6.62937e+08	-5.52393e+06	2.64349e+08	1.69962e+08
31	5.79246e+08	3.77004e+06	2.22153e+08	1.16278e+08
32	4.4495e+08	-2.01675e+07	1.49828e+08	7.49825e+07
33	3.44064e+08	-6.05981e+07	1.04261e+08	6.70098e+07
34	2.72454e+08	-1.03443e+08	7.48603e+07	8.28822e+07
35	1.96989e+08	-1.41866e+08	8.43423e+07	9.29326e+07
36	1.71674e+08	-1.02896e+08	1.13446e+08	1.10284e+08
37	2.03061e+08	-6.88648e+07	1.48355e+08	1.0988e+08
38	2.69641e+08	-1.123e+08	1.99672e+08	9.76632e+07
39	2.80361e+08	-1.86394e+08	2.30607e+08	8.78913e+07
40	1.81776e+08	-3.06912e+08	2.43928e+08	5.80961e+07
41	1.05927e+08	-4.92417e+08	3.05018e+08	2.08249e+06
42	3.51943e+07	-5.95474e+08	3.58399e+08	-2.75811e+07
43	-3.94526e+07	-6.65568e+08	4.2027e+08	-2.18394e+07
44	-3.68684e+07	-6.96229e+08	5.46801e+08	4.66637e+06
45	9.01313e+07	-8.21733e+08	7.1526e+08	1.22754e+07
46	2.25964e+08	-8.91658e+08	8.39114e+08	8.32965e+07
47	3.49176e+08	-8.66204e+08	8.60023e+08	2.61314e+08
48	3.91672e+08	-8.1552e+08	7.88807e+08	4.61434e+08
49	5.1747e+08	-6.31468e+08	7.51209e+08	7.45492e+08
50	6.30769e+08	-2.21398e+08	7.75623e+08	1.08092e+09
51	8.23547e+08	1.01924e+08	7.67097e+08	1.42581e+09
52	1.1618e+09	-1.56818e+08	7.65828e+08	1.56532e+09
53	1.43449e+09	-3.44038e+08	6.38503e+08	1.68592e+09
54	1.8896e+09	-1.73775e+08	5.3873e+08	1.56327e+09
55	2.57175e+09	-8.56499e+07	5.71744e+08	1.20584e+09
56	3.19569e+09	-3.94709e+08	7.90908e+08	7.06526e+08
57	3.38591e+09	-1.31712e+09	6.4482e+08	3.93132e+08
58	3.53623e+09	-1.80935e+09	1.41483e+07	5.03325e+08
59	4.31102e+09	-8.75522e+08	-3.55337e+08	9.41345e+08
60	4.5788e+09	2.45927e+08	-8.0167e+08	1.76357e+09
61	6.50111e+09	6.56439e+08	-1.28122e+09	2.69834e+09
62	8.78483e+09	1.03279e+09	-1.43395e+09	4.36173e+09
63	1.03097e+10	2.03938e+08	-1.64961e+09	6.69524e+09


TWO POINT CORRELATION: ../tsrc0/nuc3pt.dat.624

0	1.99489e+11	-2.14513e+09	2.07122e+11	-1.95e+10
1	4.65801e+11	3.10526e+10	-1.2655e+11	-2.7958e+10
2	1.21216e+11	9.4924e+09	-1.12836e+10	-7.50045e+09
3	1.01429e+11	-1.77437e+10	-7.55053e+09	1.53287e+08
4	6.33605e+10	3.77521e+09	-4.05553e+09	-1.4746e+09
5	2.8004e+10	1.6808e+09	-3.84205e+08	-4.13327e+08
6	2.04273e+10	6.73559e+09	6.9482e+08	3.38755e+07
7	5.63218e+09	3.99023e+09	-4.73959e+08	3.09991e+08
8	3.36571e+09	1.06424e+09	-1.8896e+08	-1.49767e+08
9	1.65514e+09	6.14686e+08	-2.55265e+08	-1.71269e+08
10	2.17716e+08	-2.66726e+08	-1.49277e+08	-1.86584e+07
11	1.51751e+07	1.1322e+08	-7.51171e+07	1.92187e+07
12	8.42024e+07	5.07596e+07	4.74883e+07	2.4014e+07
13	1.17075e+07	-2.14275e+08	8.289e+07	-1.55127e+08
14	6.40006e+07	-5.48073e+07	2.70523e+07	-2.44125e+07
15	1.28306e+08	-6.13705e+07	3.78554e+07	2.30187e+07
16	1.06406e+08	2.43411e+07	4.17926e+07	-1.66897e+07
17	2.82965e+07	-3.58219e+07	1.44815e+07	8.21317e+06
18	1.91313e+07	4.88713e+07	-1.8457e+07	-1.24981e+07
19	-1.8437e+07	1.13465e+07	-1.73168e+07	-6.11473e+06
20	-1.35442e+06	-2.15149e+06	-1.71978e+07	-1.51077e+07
21	-3.88211e+06	858746	-1.90819e+07	1.13292e+06
22	2.18922e+07	9.69783e+06	-6.24759e+06	-1.13064e+07
23	1.68711e+07	2.76604e+06	-9.32436e+06	-1.11916e+06
24	1.79094e+07	-847048	-3.81443e+06	-1.37294e+06
25	2.0719e+06	-4.97471e+06	-3.90424e+06	-1.35903e+06
26	3.21691e+06	-6.7668e+06	-2.76675e+06	-376689
27	-4.59448e+06	-3.96201e+06	-2.08388e+06	430872
28	366795	-2.21087e+06	-2.02009e+06	435970
29	-1.83015e+06	-1.49154e+06	198045	-2.6904e+06
30	367550	-1.08486e+06	1.06475e+06	-1.7232e+06
31	928303	-1.28621e+06	1.96885e+06	-1.16497e+06
32	-1.03589e+06	-249688	1.85119e+06	-2.02803e+06
33	-1.59732e+06	-2.50423e+06	-364790	-5.02952e+06
34	-1.60713e+06	-734447	-1.24138e+06	-3.41484e+06
35	-1.40968e+06	-832914	2.89063e+06	-2.39499e+06
36	218435	-2.53227e+06	4.06612e+06	-8.06629e+06
37	-230907	380553	3.32915e+06	-1.53034e+06
38	-1.22459e+06	-1.01684e+06	-2.67749e+06	-1.2661e+06
39	-1.24853e+06	-486940	-2.04288e+06	661235
40	-6.50804e+06	1.38468e+06	2.52394e+06	1.00032e+06
41	-2.47312e+06	3.49583e+06	-4.5147e+06	8.20629e+06
42	-6.04703e+06	1.25351e+06	-8.87329e+06	1.5705e+07
43	-1.55972e+07	1.54481e+07	-4.62358e+06	3.10526e+07
44	-1.9117e+07	1.78143e+07	-9.22098e+06	1.37354e+06
45	-3.58378e+06	1.77711e+07	-3.15992e+07	-2.28622e+07
46	1.47636e+07	1.64565e+07	-3.32101e+07	-9.14594e+07
47	6.59922e+07	-5.93455e+06	-4.8343e+07	-7.25196e+07
48	6.46784e+07	-3.71446e+07	-2.95665e+07	-3.84233e+07
49	7.78744e+07	-3.17677e+07	-2.19025e+07	-2.57506e+07
50	-8.74626e+07	8.95279e+07	-5.68809e+07	-1.70107e+08
51	-2.86795e+08	1.52477e+08	-2.58288e+08	-3.73036e+08
52	-2.20263e+08	1.97368e+08	-1.51415e+08	-3.77536e+08
53	-1.7779e+08	2.86305e+08	-1.29348e+08	1.88844e+08
54	-8.1666e+07	3.00866e+08	-1.6492e+08	-1.3202e+08
55	4.02945e+07	5.5175e+08	-3.9314e+08	-7.9218e+08
56	-2.07681e+08	4.90149e+08	-1.05795e+08	-5.32406e+08
57	-2.20984e+08	-3.48126e+08	-4.34081e+08	8.56762e+08
58	1.45866e+08	-9.22188e+08	-5.11669e+09	1.98596e+09
59	-3.96512e+08	-8.46338e+08	-8.26879e+09	-2.67187e+09
60	-2.17946e+09	-1.86141e+08	-1.74562e+10	1.25805e+09
61	2.31674e+09	7.35474e+08	-7.02847e+10	-7.21229e+09
62	2.94377e+10	-2.94781e+09	-1.91709e+11	-1.29785e+10
63	1.69747e+11	-1.70569e+10	-5.69758e+11	4.8962e+10


THREE POINT CORRELATION: ../tsrc0/nuc3pt.dat.624

0	-1.86467e+10	2.6661e+10	1.81096e+10	1.97767e+10
1	4.26806e+09	3.30314e+10	3.01912e+10	2.37034e+10
2	1.54931e+10	3.12635e+10	3.18484e+10	2.14838e+10
3	1.99234e+10	3.24218e+10	2.82729e+10	1.45525e+10
4	2.54607e+10	3.42002e+10	2.35314e+10	8.23661e+09
5	2.5474e+10	3.50799e+10	1.43216e+10	1.09365e+10
6	1.9192e+10	3.33177e+10	8.63431e+09	1.54155e+10
7	1.4713e+10	3.0038e+10	8.94696e+09	1.70635e+10
8	1.8761e+10	2.40588e+10	9.07765e+09	1.81592e+10
9	1.91287e+12	8.06448e+11	7.93325e+11	1.5663e+12
10	5.85469e+09	9.44732e+09	1.05066e+09	1.91229e+10
11	8.95265e+09	7.95314e+09	8.84637e+08	1.88791e+10
12	9.828e+09	5.45596e+09	5.28762e+07	1.63905e+10
13	9.74419e+09	4.49299e+09	-5.82952e+08	1.12315e+10
14	9.12039e+09	3.73727e+09	-7.88646e+08	7.51655e+09
15	8.82033e+09	5.30896e+09	-3.28107e+08	5.21471e+09
16	8.93128e+09	6.40626e+09	4.82111e+08	3.87783e+09
17	8.1408e+09	6.13074e+09	1.09462e+09	2.81582e+09
18	7.30917e+09	5.52042e+09	1.50779e+09	2.56953e+09
19	6.9043e+09	5.02691e+09	1.13149e+09	2.76946e+09
20	5.74067e+09	4.26659e+09	5.12511e+08	2.49742e+09
21	4.48279e+09	3.28485e+09	-5.75715e+07	2.00002e+09
22	3.54017e+09	2.22568e+09	-2.19353e+08	1.35602e+09
23	3.02288e+09	1.88264e+09	-6.77754e+07	9.79206e+08
24	2.51025e+09	1.9723e+09	1.12472e+08	6.79104e+08
25	1.84125e+09	1.84362e+09	2.84217e+08	3.16283e+08
26	1.26125e+09	1.22377e+09	4.72549e+08	9.60047e+07
27	8.25075e+08	5.68162e+08	4.80901e+08	1.34586e+07
28	6.0528e+08	3.17434e+08	3.83329e+08	7.3837e+07
29	6.87041e+08	2.58283e+08	3.56294e+08	1.58274e+08
30	7.96011e+08	1.82043e+08	3.64924e+08	1.24847e+08
31	8.25581e+08	1.11094e+08	2.8648e+08	6.58343e+07
32	7.38639e+08	3.33703e+07	2.19834e+08	1.06261e+08
33	6.24083e+08	1.39406e+07	1.93885e+08	1.40454e+08
34	4.71863e+08	-1.95048e+07	1.81142e+08	1.48505e+08
35	4.00814e+08	-1.3366e+07	1.53078e+08	1.31807e+08
36	3.98974e+08	-1.51579e+07	1.23241e+08	1.27115e+08
37	4.47733e+08	-4.05703e+07	1.25907e+08	1.25624e+08
38	5.09745e+08	-3.39539e+07	1.20967e+08	1.02226e+08
39	5.76494e+08	-3.23046e+07	1.00098e+08	8.74744e+07
40	6.96217e+08	-1.0161e+08	7.8391e+07	1.30787e+08
41	8.43197e+08	-3.11781e+08	1.11193e+08	1.6271e+08
42	9.35282e+08	-6.12814e+08	1.49969e+08	1.20828e+08
43	9.2039e+08	-7.31215e+08	2.34655e+08	1.33669e+08
44	1.12955e+09	-7.13952e+08	3.62662e+08	3.08185e+08
45	1.63372e+09	-5.99298e+08	4.94306e+08	6.16077e+08
46	2.21297e+09	-5.58203e+08	6.53296e+08	9.28087e+08
47	2.79195e+09	-3.55144e+08	7.75578e+08	1.17345e+09
48	3.15887e+09	-5.51682e+07	8.94309e+08	1.2238e+09
49	3.25116e+09	3.33275e+08	1.08049e+09	1.08523e+09
50	3.64172e+09	9.50292e+08	1.30323e+09	9.03507e+08
51	4.42554e+09	1.50611e+09	1.62452e+09	6.3212e+08
52	5.24644e+09	1.91234e+09	1.6591e+09	2.99748e+08
53	6.05687e+09	2.30806e+09	1.70327e+09	-1.9798e+08
54	6.66193e+09	1.82421e+09	1.81158e+09	-1.09201e+09
55	6.39705e+09	9.50254e+08	1.72215e+09	-2.66756e+09
56	3.74956e+09	-3.24655e+08	1.46802e+09	-3.86606e+09
57	1.59328e+09	-1.09054e+09	1.49024e+09	-4.04681e+09
58	-1.57449e+09	-7.61338e+06	1.12269e+09	-2.51227e+09
59	-6.87313e+09	2.38867e+09	1.75118e+08	2.28584e+08
60	-1.36169e+10	5.17141e+09	-3.42312e+08	4.27947e+09
61	-2.14456e+10	8.42391e+09	1.15119e+09	8.39469e+09
62	-2.80025e+10	1.1784e+10	3.17762e+09	1.31966e+10
63	-2.96296e+10	1.68776e+10	6.63748e+09	1.69701e+10


TWO POINT CORRELATION: ../tsrc0/nuc3pt.dat.632



THREE POINT CORRELATION: ../tsrc0/nuc3pt.dat.632


Error: Could not open ../tsrc0/nuc3pt.dat.640


TWO POINT CORRELATION: ../tsrc0/nuc3pt.dat.648



THREE POINT CORRELATION: ../tsrc0/nuc3pt.dat.648



TWO POINT CORRELATION: ../tsrc0/nuc3pt.dat.656



THREE POINT CORRELATION: ../tsrc0/nuc3pt.dat.656



TWO POINT CORRELATION: ../tsrc0/nuc3pt.dat.664



THREE POINT CORRELATION: ../tsrc0/nuc3pt.dat.664



TWO POINT CORRELATION: ../tsrc0/nuc3pt.dat.672



THREE POINT CORRELATION: ../tsrc0/nuc3pt.dat.672



TWO POINT CORRELATION: ../tsrc0/nuc3pt.dat.680



THREE POINT CORRELATION: ../tsrc0/nuc3pt.dat.680



TWO POINT CORRELATION: ../tsrc0/nuc3pt.dat.688



THREE POINT CORRELATION: ../tsrc0/nuc3pt.dat.688



TWO POINT CORRELATION: ../tsrc0/nuc3pt.dat.696



THREE POINT CORRELATION: ../tsrc0/nuc3pt.dat.696



TWO POINT CORRELATION: ../tsrc0/nuc3pt.dat.704



THREE POINT CORRELATION: ../tsrc0/nuc3pt.dat.704



TWO POINT CORRELATION: ../tsrc0/nuc3pt.dat.712



THREE POINT CORRELATION: ../tsrc0/nuc3pt.dat.712



TWO POINT CORRELATION: ../tsrc0/nuc3pt.dat.720



THREE POINT CORRELATION: ../tsrc0/nuc3pt.dat.720



TWO POINT CORRELATION: ../tsrc0/nuc3pt.dat.728



THREE POINT CORRELATION: ../tsrc0/nuc3pt.dat.728



TWO POINT CORRELATION: ../tsrc0/nuc3pt.dat.736



THREE POINT CORRELATION: ../tsrc0/nuc3pt.dat.736



TWO POINT CORRELATION: ../tsrc0/nuc3pt.dat.744



THREE POINT CORRELATION: ../tsrc0/nuc3pt.dat.744



TWO POINT CORRELATION: ../tsrc0/nuc3pt.dat.752



THREE POINT CORRELATION: ../tsrc0/nuc3pt.dat.752



TWO POINT CORRELATION: ../tsrc0/nuc3pt.dat.760



THREE POINT CORRELATION: ../tsrc0/nuc3pt.dat.760



TWO POINT CORRELATION: ../tsrc0/nuc3pt.dat.768



THREE POINT CORRELATION: ../tsrc0/nuc3pt.dat.768



TWO POINT CORRELATION: ../tsrc0/nuc3pt.dat.776



THREE POINT CORRELATION: ../tsrc0/nuc3pt.dat.776



TWO POINT CORRELATION: ../tsrc0/nuc3pt.dat.784



THREE POINT CORRELATION: ../tsrc0/nuc3pt.dat.784



TWO POINT CORRELATION: ../tsrc0/nuc3pt.dat.792



THREE POINT CORRELATION: ../tsrc0/nuc3pt.dat.792



TWO POINT CORRELATION: ../tsrc0/nuc3pt.dat.800



THREE POINT CORRELATION: ../tsrc0/nuc3pt.dat.800



TWO POINT CORRELATION: ../tsrc0/nuc3pt.dat.808



THREE POINT CORRELATION: ../tsrc0/nuc3pt.dat.808



TWO POINT CORRELATION: ../tsrc0/nuc3pt.dat.816



THREE POINT CORRELATION: ../tsrc0/nuc3pt.dat.816



TWO POINT CORRELATION: ../tsrc0/nuc3pt.dat.824



THREE POINT CORRELATION: ../tsrc0/nuc3pt.dat.824



TWO POINT CORRELATION: ../tsrc0/nuc3pt.dat.832



THREE POINT CORRELATION: ../tsrc0/nuc3pt.dat.832



TWO POINT CORRELATION: ../tsrc0/nuc3pt.dat.840



THREE POINT CORRELATION: ../tsrc0/nuc3pt.dat.840



TWO POINT CORRELATION: ../tsrc0/nuc3pt.dat.848



THREE POINT CORRELATION: ../tsrc0/nuc3pt.dat.848



TWO POINT CORRELATION: ../tsrc0/nuc3pt.dat.856



THREE POINT CORRELATION: ../tsrc0/nuc3pt.dat.856



TWO POINT CORRELATION: ../tsrc0/nuc3pt.dat.864



THREE POINT CORRELATION: ../tsrc0/nuc3pt.dat.864



TWO POINT CORRELATION: ../tsrc0/nuc3pt.dat.872



THREE POINT CORRELATION: ../tsrc0/nuc3pt.dat.872



TWO POINT CORRELATION: ../tsrc0/nuc3pt.dat.880



THREE POINT CORRELATION: ../tsrc0/nuc3pt.dat.880



TWO POINT CORRELATION: ../tsrc0/nuc3pt.dat.888



THREE POINT CORRELATION: ../tsrc0/nuc3pt.dat.888



TWO POINT CORRELATION: ../tsrc0/nuc3pt.dat.896



THREE POINT CORRELATION: ../tsrc0/nuc3pt.dat.896



TWO POINT CORRELATION: ../tsrc0/nuc3pt.dat.904



THREE POINT CORRELATION: ../tsrc0/nuc3pt.dat.904



TWO POINT CORRELATION: ../tsrc0/nuc3pt.dat.912



THREE POINT CORRELATION: ../tsrc0/nuc3pt.dat.912



TWO POINT CORRELATION: ../tsrc0/nuc3pt.dat.920



THREE POINT CORRELATION: ../tsrc0/nuc3pt.dat.920



TWO POINT CORRELATION: ../tsrc0/nuc3pt.dat.928



THREE POINT CORRELATION: ../tsrc0/nuc3pt.dat.928



TWO POINT CORRELATION: ../tsrc0/nuc3pt.dat.936



THREE POINT CORRELATION: ../tsrc0/nuc3pt.dat.936



TWO POINT CORRELATION: ../tsrc0/nuc3pt.dat.944



THREE POINT CORRELATION: ../tsrc0/nuc3pt.dat.944



TWO POINT CORRELATION: ../tsrc0/nuc3pt.dat.952



THREE POINT CORRELATION: ../tsrc0/nuc3pt.dat.952



TWO POINT CORRELATION: ../tsrc0/nuc3pt.dat.960



THREE POINT CORRELATION: ../tsrc0/nuc3pt.dat.960



TWO POINT CORRELATION: ../tsrc0/nuc3pt.dat.968



THREE POINT CORRELATION: ../tsrc0/nuc3pt.dat.968



TWO POINT CORRELATION: ../tsrc0/nuc3pt.dat.976



THREE POINT CORRELATION: ../tsrc0/nuc3pt.dat.976



TWO POINT CORRELATION: ../tsrc0/nuc3pt.dat.984



THREE POINT CORRELATION: ../tsrc0/nuc3pt.dat.984



TWO POINT CORRELATION: ../tsrc0/nuc3pt.dat.992



THREE POINT CORRELATION: ../tsrc0/nuc3pt.dat.992



TWO POINT CORRELATION: ../tsrc0/nuc3pt.dat.1000



THREE POINT CORRELATION: ../tsrc0/nuc3pt.dat.1000



TWO POINT CORRELATION: ../tsrc0/nuc3pt.dat.1008



THREE POINT CORRELATION: ../tsrc0/nuc3pt.dat.1008



TWO POINT CORRELATION: ../tsrc0/nuc3pt.dat.1016



THREE POINT CORRELATION: ../tsrc0/nuc3pt.dat.1016



TWO POINT CORRELATION: ../tsrc0/nuc3pt.dat.1024



THREE POINT CORRELATION: ../tsrc0/nuc3pt.dat.1024



TWO POINT CORRELATION: ../tsrc0/nuc3pt.dat.1032



THREE POINT CORRELATION: ../tsrc0/nuc3pt.dat.1032



TWO POINT CORRELATION: ../tsrc0/nuc3pt.dat.1040



THREE POINT CORRELATION: ../tsrc0/nuc3pt.dat.1040



TWO POINT CORRELATION: ../tsrc0/nuc3pt.dat.1048



THREE POINT CORRELATION: ../tsrc0/nuc3pt.dat.1048



TWO POINT CORRELATION: ../tsrc0/nuc3pt.dat.1056



THREE POINT CORRELATION: ../tsrc0/nuc3pt.dat.1056



TWO POINT CORRELATION: ../tsrc0/nuc3pt.dat.1064



THREE POINT CORRELATION: ../tsrc0/nuc3pt.dat.1064



TWO POINT CORRELATION: ../tsrc0/nuc3pt.dat.1072



THREE POINT CORRELATION: ../tsrc0/nuc3pt.dat.1072



TWO POINT CORRELATION: ../tsrc0/nuc3pt.dat.1080



THREE POINT CORRELATION: ../tsrc0/nuc3pt.dat.1080



TWO POINT CORRELATION: ../tsrc0/nuc3pt.dat.1088



THREE POINT CORRELATION: ../tsrc0/nuc3pt.dat.1088



TWO POINT CORRELATION: ../tsrc0/nuc3pt.dat.1096



THREE POINT CORRELATION: ../tsrc0/nuc3pt.dat.1096



TWO POINT CORRELATION: ../tsrc0/nuc3pt.dat.1104



THREE POINT CORRELATION: ../tsrc0/nuc3pt.dat.1104



TWO POINT CORRELATION: ../tsrc0/nuc3pt.dat.1112



THREE POINT CORRELATION: ../tsrc0/nuc3pt.dat.1112



TWO POINT CORRELATION: ../tsrc0/nuc3pt.dat.1120



THREE POINT CORRELATION: ../tsrc0/nuc3pt.dat.1120



TWO POINT CORRELATION: ../tsrc0/nuc3pt.dat.1128



THREE POINT CORRELATION: ../tsrc0/nuc3pt.dat.1128



TWO POINT CORRELATION: ../tsrc0/nuc3pt.dat.1136



THREE POINT CORRELATION: ../tsrc0/nuc3pt.dat.1136



TWO POINT CORRELATION: ../tsrc0/nuc3pt.dat.1144



THREE POINT CORRELATION: ../tsrc0/nuc3pt.dat.1144



TWO POINT CORRELATION: ../tsrc0/nuc3pt.dat.1152



THREE POINT CORRELATION: ../tsrc0/nuc3pt.dat.1152



TWO POINT CORRELATION: ../tsrc0/nuc3pt.dat.1160



THREE POINT CORRELATION: ../tsrc0/nuc3pt.dat.1160



TWO POINT CORRELATION: ../tsrc0/nuc3pt.dat.1168



THREE POINT CORRELATION: ../tsrc0/nuc3pt.dat.1168



TWO POINT CORRELATION: ../tsrc0/nuc3pt.dat.1176



THREE POINT CORRELATION: ../tsrc0/nuc3pt.dat.1176



TWO POINT CORRELATION: ../tsrc0/nuc3pt.dat.1184



THREE POINT CORRELATION: ../tsrc0/nuc3pt.dat.1184



TWO POINT CORRELATION: ../tsrc0/nuc3pt.dat.1192



THREE POINT CORRELATION: ../tsrc0/nuc3pt.dat.1192



TWO POINT CORRELATION: ../tsrc0/nuc3pt.dat.1200



THREE POINT CORRELATION: ../tsrc0/nuc3pt.dat.1200



TWO POINT CORRELATION: ../tsrc0/nuc3pt.dat.1208



THREE POINT CORRELATION: ../tsrc0/nuc3pt.dat.1208



TWO POINT CORRELATION: ../tsrc0/nuc3pt.dat.1216



THREE POINT CORRELATION: ../tsrc0/nuc3pt.dat.1216



TWO POINT CORRELATION: ../tsrc0/nuc3pt.dat.1224



THREE POINT CORRELATION: ../tsrc0/nuc3pt.dat.1224



TWO POINT CORRELATION: ../tsrc0/nuc3pt.dat.1232



THREE POINT CORRELATION: ../tsrc0/nuc3pt.dat.1232



TWO POINT CORRELATION: ../tsrc0/nuc3pt.dat.1240



THREE POINT CORRELATION: ../tsrc0/nuc3pt.dat.1240



TWO POINT CORRELATION: ../tsrc0/nuc3pt.dat.1248



THREE POINT CORRELATION: ../tsrc0/nuc3pt.dat.1248



TWO POINT CORRELATION: ../tsrc0/nuc3pt.dat.1256



THREE POINT CORRELATION: ../tsrc0/nuc3pt.dat.1256



TWO POINT CORRELATION: ../tsrc0/nuc3pt.dat.1264



THREE POINT CORRELATION: ../tsrc0/nuc3pt.dat.1264



TWO POINT CORRELATION: ../tsrc0/nuc3pt.dat.1272



THREE POINT CORRELATION: ../tsrc0/nuc3pt.dat.1272



TWO POINT CORRELATION: ../tsrc0/nuc3pt.dat.1280



THREE POINT CORRELATION: ../tsrc0/nuc3pt.dat.1280



TWO POINT CORRELATION: ../tsrc0/nuc3pt.dat.1288



THREE POINT CORRELATION: ../tsrc0/nuc3pt.dat.1288



TWO POINT CORRELATION: ../tsrc0/nuc3pt.dat.1296



THREE POINT CORRELATION: ../tsrc0/nuc3pt.dat.1296



TWO POINT CORRELATION: ../tsrc0/nuc3pt.dat.1304



THREE POINT CORRELATION: ../tsrc0/nuc3pt.dat.1304



TWO POINT CORRELATION: ../tsrc0/nuc3pt.dat.1312



THREE POINT CORRELATION: ../tsrc0/nuc3pt.dat.1312



TWO POINT CORRELATION: ../tsrc0/nuc3pt.dat.1320



THREE POINT CORRELATION: ../tsrc0/nuc3pt.dat.1320



TWO POINT CORRELATION: ../tsrc0/nuc3pt.dat.1328



THREE POINT CORRELATION: ../tsrc0/nuc3pt.dat.1328



TWO POINT CORRELATION: ../tsrc0/nuc3pt.dat.1336



THREE POINT CORRELATION: ../tsrc0/nuc3pt.dat.1336



TWO POINT CORRELATION: ../tsrc0/nuc3pt.dat.1344



THREE POINT CORRELATION: ../tsrc0/nuc3pt.dat.1344



TWO POINT CORRELATION: ../tsrc0/nuc3pt.dat.1352



THREE POINT CORRELATION: ../tsrc0/nuc3pt.dat.1352



TWO POINT CORRELATION: ../tsrc0/nuc3pt.dat.1360



THREE POINT CORRELATION: ../tsrc0/nuc3pt.dat.1360



TWO POINT CORRELATION: ../tsrc0/nuc3pt.dat.1368



THREE POINT CORRELATION: ../tsrc0/nuc3pt.dat.1368



TWO POINT CORRELATION: ../tsrc0/nuc3pt.dat.1376



THREE POINT CORRELATION: ../tsrc0/nuc3pt.dat.1376



TWO POINT CORRELATION: ../tsrc0/nuc3pt.dat.1384



THREE POINT CORRELATION: ../tsrc0/nuc3pt.dat.1384



TWO POINT CORRELATION: ../tsrc0/nuc3pt.dat.1392



THREE POINT CORRELATION: ../tsrc0/nuc3pt.dat.1392



TWO POINT CORRELATION: ../tsrc0/nuc3pt.dat.1400



THREE POINT CORRELATION: ../tsrc0/nuc3pt.dat.1400



TWO POINT CORRELATION: ../tsrc0/nuc3pt.dat.1408



THREE POINT CORRELATION: ../tsrc0/nuc3pt.dat.1408



TWO POINT CORRELATION: ../tsrc0/nuc3pt.dat.1416



THREE POINT CORRELATION: ../tsrc0/nuc3pt.dat.1416



TWO POINT CORRELATION: ../tsrc0/nuc3pt.dat.1424



THREE POINT CORRELATION: ../tsrc0/nuc3pt.dat.1424



TWO POINT CORRELATION: ../tsrc0/nuc3pt.dat.1432



THREE POINT CORRELATION: ../tsrc0/nuc3pt.dat.1432



TWO POINT CORRELATION: ../tsrc0/nuc3pt.dat.1440



THREE POINT CORRELATION: ../tsrc0/nuc3pt.dat.1440



TWO POINT CORRELATION: ../tsrc0/nuc3pt.dat.1448



THREE POINT CORRELATION: ../tsrc0/nuc3pt.dat.1448



TWO POINT CORRELATION: ../tsrc0/nuc3pt.dat.1456



THREE POINT CORRELATION: ../tsrc0/nuc3pt.dat.1456



TWO POINT CORRELATION: ../tsrc0/nuc3pt.dat.1464



THREE POINT CORRELATION: ../tsrc0/nuc3pt.dat.1464



TWO POINT CORRELATION: ../tsrc0/nuc3pt.dat.1472



THREE POINT CORRELATION: ../tsrc0/nuc3pt.dat.1472



TWO POINT CORRELATION: ../tsrc0/nuc3pt.dat.1480



THREE POINT CORRELATION: ../tsrc0/nuc3pt.dat.1480



TWO POINT CORRELATION: ../tsrc0/nuc3pt.dat.1488



THREE POINT CORRELATION: ../tsrc0/nuc3pt.dat.1488



TWO POINT CORRELATION: ../tsrc0/nuc3pt.dat.1496



THREE POINT CORRELATION: ../tsrc0/nuc3pt.dat.1496



TWO POINT CORRELATION: ../tsrc0/nuc3pt.dat.1504



THREE POINT CORRELATION: ../tsrc0/nuc3pt.dat.1504



TWO POINT CORRELATION: ../tsrc0/nuc3pt.dat.1512



THREE POINT CORRELATION: ../tsrc0/nuc3pt.dat.1512



TWO POINT CORRELATION: ../tsrc0/nuc3pt.dat.1520



THREE POINT CORRELATION: ../tsrc0/nuc3pt.dat.1520



TWO POINT CORRELATION: ../tsrc0/nuc3pt.dat.1528



THREE POINT CORRELATION: ../tsrc0/nuc3pt.dat.1528



TWO POINT CORRELATION: ../tsrc0/nuc3pt.dat.1536



THREE POINT CORRELATION: ../tsrc0/nuc3pt.dat.1536



TWO POINT CORRELATION: ../tsrc0/nuc3pt.dat.1544



THREE POINT CORRELATION: ../tsrc0/nuc3pt.dat.1544



TWO POINT CORRELATION: ../tsrc0/nuc3pt.dat.1552



THREE POINT CORRELATION: ../tsrc0/nuc3pt.dat.1552



TWO POINT CORRELATION: ../tsrc0/nuc3pt.dat.1560



THREE POINT CORRELATION: ../tsrc0/nuc3pt.dat.1560



TWO POINT CORRELATION: ../tsrc0/nuc3pt.dat.1568



THREE POINT CORRELATION: ../tsrc0/nuc3pt.dat.1568



TWO POINT CORRELATION: ../tsrc0/nuc3pt.dat.1576



THREE POINT CORRELATION: ../tsrc0/nuc3pt.dat.1576



TWO POINT CORRELATION: ../tsrc0/nuc3pt.dat.1584



THREE POINT CORRELATION: ../tsrc0/nuc3pt.dat.1584



TWO POINT CORRELATION: ../tsrc0/nuc3pt.dat.1592



THREE POINT CORRELATION: ../tsrc0/nuc3pt.dat.1592



TWO POINT CORRELATION: ../tsrc0/nuc3pt.dat.1600



THREE POINT CORRELATION: ../tsrc0/nuc3pt.dat.1600



TWO POINT CORRELATION: ../tsrc0/nuc3pt.dat.1608



THREE POINT CORRELATION: ../tsrc0/nuc3pt.dat.1608



TWO POINT CORRELATION: ../tsrc0/nuc3pt.dat.1616



THREE POINT CORRELATION: ../tsrc0/nuc3pt.dat.1616



TWO POINT CORRELATION: ../tsrc0/nuc3pt.dat.1624



THREE POINT CORRELATION: ../tsrc0/nuc3pt.dat.1624



TWO POINT CORRELATION: ../tsrc0/nuc3pt.dat.1632



THREE POINT CORRELATION: ../tsrc0/nuc3pt.dat.1632



TWO POINT CORRELATION: ../tsrc0/nuc3pt.dat.1640



THREE POINT CORRELATION: ../tsrc0/nuc3pt.dat.1640



TWO POINT CORRELATION: ../tsrc0/nuc3pt.dat.1648



THREE POINT CORRELATION: ../tsrc0/nuc3pt.dat.1648



TWO POINT CORRELATION: ../tsrc0/nuc3pt.dat.1656



THREE POINT CORRELATION: ../tsrc0/nuc3pt.dat.1656



TWO POINT CORRELATION: ../tsrc0/nuc3pt.dat.1664



THREE POINT CORRELATION: ../tsrc0/nuc3pt.dat.1664



TWO POINT CORRELATION: ../tsrc0/nuc3pt.dat.1672



THREE POINT CORRELATION: ../tsrc0/nuc3pt.dat.1672



TWO POINT CORRELATION: ../tsrc0/nuc3pt.dat.1680



THREE POINT CORRELATION: ../tsrc0/nuc3pt.dat.1680



TWO POINT CORRELATION: ../tsrc0/nuc3pt.dat.1688



THREE POINT CORRELATION: ../tsrc0/nuc3pt.dat.1688



TWO POINT CORRELATION: ../tsrc0/nuc3pt.dat.1696



THREE POINT CORRELATION: ../tsrc0/nuc3pt.dat.1696



TWO POINT CORRELATION: ../tsrc0/nuc3pt.dat.1704



THREE POINT CORRELATION: ../tsrc0/nuc3pt.dat.1704



TWO POINT CORRELATION: ../tsrc0/nuc3pt.dat.1712



THREE POINT CORRELATION: ../tsrc0/nuc3pt.dat.1712



TWO POINT CORRELATION: ../tsrc0/nuc3pt.dat.1720



THREE POINT CORRELATION: ../tsrc0/nuc3pt.dat.1720



TWO POINT CORRELATION: ../tsrc0/nuc3pt.dat.1728



THREE POINT CORRELATION: ../tsrc0/nuc3pt.dat.1728



TWO POINT CORRELATION: ../tsrc0/nuc3pt.dat.1736



THREE POINT CORRELATION: ../tsrc0/nuc3pt.dat.1736



TWO POINT CORRELATION: ../tsrc0/nuc3pt.dat.1744



THREE POINT CORRELATION: ../tsrc0/nuc3pt.dat.1744



TWO POINT CORRELATION: ../tsrc0/nuc3pt.dat.1752



THREE POINT CORRELATION: ../tsrc0/nuc3pt.dat.1752



TWO POINT CORRELATION: ../tsrc0/nuc3pt.dat.1760



THREE POINT CORRELATION: ../tsrc0/nuc3pt.dat.1760



TWO POINT CORRELATION: ../tsrc0/nuc3pt.dat.1768



THREE POINT CORRELATION: ../tsrc0/nuc3pt.dat.1768



TWO POINT CORRELATION: ../tsrc0/nuc3pt.dat.1776



THREE POINT CORRELATION: ../tsrc0/nuc3pt.dat.1776



TWO POINT CORRELATION: ../tsrc0/nuc3pt.dat.1784



THREE POINT CORRELATION: ../tsrc0/nuc3pt.dat.1784



TWO POINT CORRELATION: ../tsrc0/nuc3pt.dat.1792



THREE POINT CORRELATION: ../tsrc0/nuc3pt.dat.1792



TWO POINT CORRELATION: ../tsrc0/nuc3pt.dat.1800



THREE POINT CORRELATION: ../tsrc0/nuc3pt.dat.1800



TWO POINT CORRELATION: ../tsrc0/nuc3pt.dat.1808



THREE POINT CORRELATION: ../tsrc0/nuc3pt.dat.1808



TWO POINT CORRELATION: ../tsrc0/nuc3pt.dat.1816



THREE POINT CORRELATION: ../tsrc0/nuc3pt.dat.1816



TWO POINT CORRELATION: ../tsrc0/nuc3pt.dat.1824



THREE POINT CORRELATION: ../tsrc0/nuc3pt.dat.1824



TWO POINT CORRELATION: ../tsrc0/nuc3pt.dat.1832



THREE POINT CORRELATION: ../tsrc0/nuc3pt.dat.1832



TWO POINT CORRELATION: ../tsrc0/nuc3pt.dat.1840



THREE POINT CORRELATION: ../tsrc0/nuc3pt.dat.1840



TWO POINT CORRELATION: ../tsrc0/nuc3pt.dat.1848



THREE POINT CORRELATION: ../tsrc0/nuc3pt.dat.1848



TWO POINT CORRELATION: ../tsrc0/nuc3pt.dat.1856



THREE POINT CORRELATION: ../tsrc0/nuc3pt.dat.1856



TWO POINT CORRELATION: ../tsrc0/nuc3pt.dat.1864



THREE POINT CORRELATION: ../tsrc0/nuc3pt.dat.1864



TWO POINT CORRELATION: ../tsrc0/nuc3pt.dat.1872



THREE POINT CORRELATION: ../tsrc0/nuc3pt.dat.1872



TWO POINT CORRELATION: ../tsrc0/nuc3pt.dat.1880



THREE POINT CORRELATION: ../tsrc0/nuc3pt.dat.1880



TWO POINT CORRELATION: ../tsrc0/nuc3pt.dat.1888



THREE POINT CORRELATION: ../tsrc0/nuc3pt.dat.1888



TWO POINT CORRELATION: ../tsrc0/nuc3pt.dat.1896



THREE POINT CORRELATION: ../tsrc0/nuc3pt.dat.1896



TWO POINT CORRELATION: ../tsrc0/nuc3pt.dat.1904



THREE POINT CORRELATION: ../tsrc0/nuc3pt.dat.1904



TWO POINT CORRELATION: ../tsrc0/nuc3pt.dat.1912



THREE POINT CORRELATION: ../tsrc0/nuc3pt.dat.1912



TWO POINT CORRELATION: ../tsrc0/nuc3pt.dat.1920



THREE POINT CORRELATION: ../tsrc0/nuc3pt.dat.1920

